<?xml version="1.0" encoding="UTF-8"?>
<!-- Generated by org.testng.reporters.JUnitReportReporter -->
<testsuite name="com.Amazon.test.ClassTest5" tests="1" time="42.220" ignored="0" failures="0" timestamp="08 Jan 2018 17:29:30 GMT" skipped="0" hostname="bibek-PC" errors="0">
  <testcase name="Radiobutton" time="42.220" classname="com.Amazon.test.ClassTest5"/>
</testsuite> <!-- com.Amazon.test.ClassTest5 -->
