<?xml version="1.0" encoding="UTF-8"?>
<!-- Generated by org.testng.reporters.JUnitReportReporter -->
<testsuite name="com.Amazon.test.ClassTest4" tests="1" time="13.887" ignored="0" failures="0" timestamp="05 Dec 2017 14:00:10 GMT" skipped="0" hostname="bibek-PC" errors="0">
  <testcase name="Amazon1" time="13.887" classname="com.Amazon.test.ClassTest4"/>
</testsuite> <!-- com.Amazon.test.ClassTest4 -->
