<?xml version="1.0" encoding="UTF-8"?>
<!-- Generated by org.testng.reporters.JUnitReportReporter -->
<testsuite name="com.Amazon.test.ClassTest4" tests="1" time="25.766" ignored="0" failures="0" timestamp="05 Dec 2017 14:07:06 GMT" skipped="0" hostname="bibek-PC" errors="0">
  <testcase name="Amazon1" time="25.766" classname="com.Amazon.test.ClassTest4"/>
</testsuite> <!-- com.Amazon.test.ClassTest4 -->
