<?xml version="1.0" encoding="UTF-8"?>
<!-- Generated by org.testng.reporters.JUnitReportReporter -->
<testsuite name="com.Amazon.test.ClassTest3" tests="1" time="9.698" ignored="0" failures="0" timestamp="05 Dec 2017 14:07:06 GMT" skipped="0" hostname="bibek-PC" errors="0">
  <testcase name="Amazon" time="9.698" classname="com.Amazon.test.ClassTest3"/>
</testsuite> <!-- com.Amazon.test.ClassTest3 -->
